<?xml version="1.0" encoding="UTF-8"?>
<!-- Generated by org.testng.reporters.JUnitReportReporter -->
<testsuite hostname="PRAJWALs-MacBook-Pro.local" failures="0" tests="1" name="TestScripts.IT.TEST1IT" time="21.893" errors="0" timestamp="2021-07-12T13:22:12 IST" skipped="0">
  <testcase classname="TestScripts.IT.TEST1IT" name="CreateAccountAddToCart" time="21.893"/>
  <system-out/>
</testsuite> <!-- TestScripts.IT.TEST1IT -->
