<?xml version="1.0" encoding="UTF-8"?>
<!-- Generated by org.testng.reporters.JUnitReportReporter -->
<testsuite hostname="PRAJWALs-MacBook-Pro.local" failures="0" tests="1" name="TestScripts.AddingToCartTest" time="11.058" errors="0" timestamp="2021-07-12T13:29:31 IST" skipped="0">
  <testcase classname="TestScripts.AddingToCartTest" name="test" time="11.058"/>
  <system-out/>
</testsuite> <!-- TestScripts.AddingToCartTest -->
