<?xml version="1.0" encoding="UTF-8"?>
<!-- Generated by org.testng.reporters.JUnitReportReporter -->
<testsuite hostname="PRAJWALs-MacBook-Pro.local" failures="0" tests="1" name="TestScripts.CreateAccountTest" time="33.205" errors="0" timestamp="2021-07-10T12:18:35 IST" skipped="0">
  <testcase classname="TestScripts.CreateAccountTest" name="test" time="33.205"/>
  <system-out/>
</testsuite> <!-- TestScripts.CreateAccountTest -->
