<?xml version="1.0" encoding="UTF-8"?>
<!-- Generated by org.testng.reporters.JUnitReportReporter -->
<testsuite hostname="PRAJWALs-MacBook-Pro.local" failures="0" tests="1" name="Test1" time="25.202" errors="0" timestamp="2021-07-09T10:42:30 IST" skipped="0">
  <testcase classname="Test1" name="test1" time="25.202"/>
  <system-out/>
</testsuite> <!-- Test1 -->
