<?xml version="1.0" encoding="UTF-8"?>
<!-- Generated by org.testng.reporters.JUnitReportReporter -->
<testsuite hostname="PRAJWALs-MacBook-Pro.local" failures="0" tests="1" name="TestScripts.CreateAccountTest" time="7.764" errors="0" timestamp="2021-07-12T13:20:43 IST" skipped="0">
  <testcase classname="TestScripts.CreateAccountTest" name="test" time="7.764"/>
  <system-out/>
</testsuite> <!-- TestScripts.CreateAccountTest -->
