<?xml version="1.0" encoding="UTF-8"?>
<!-- Generated by org.testng.reporters.JUnitReportReporter -->
<testsuite hostname="PRAJWALs-MacBook-Pro.local" failures="0" tests="1" name="Test1" time="17.287" errors="0" timestamp="2021-07-08T19:12:49 IST" skipped="0">
  <testcase classname="Test1" name="test1" time="17.287"/>
  <system-out/>
</testsuite> <!-- Test1 -->
