<?xml version="1.0" encoding="UTF-8"?>
<!-- Generated by org.testng.reporters.JUnitReportReporter -->
<testsuite hostname="PRAJWALs-MacBook-Pro.local" failures="0" tests="1" name="Test2" time="15.180" errors="0" timestamp="2021-07-09T09:37:41 IST" skipped="0">
  <testcase classname="Test2" name="test2" time="15.180"/>
  <system-out/>
</testsuite> <!-- Test2 -->
